<?xml version="1.0" encoding="UTF-8"?>
<testsuite xmlns:xsi="http://www.w3.org/2001/XMLSchema-instance" xsi:noNamespaceSchemaLocation="https://maven.apache.org/surefire/maven-surefire-plugin/xsd/surefire-test-report-3.0.xsd" version="3.0" name="org.apache.ignite.internal.configuration.asm.ConfigurationAsmGeneratorTest" time="0.083" tests="1" errors="0" skipped="0" failures="1">
  <properties>
    <property name="gopherProxySet" value="false"/>
    <property name="awt.toolkit" value="sun.lwawt.macosx.LWCToolkit"/>
    <property name="java.specification.version" value="11"/>
    <property name="nondexStart" value="0"/>
    <property name="sun.cpu.isalist" value=""/>
    <property name="sun.jnu.encoding" value="UTF-8"/>
    <property name="java.class.path" value="/Users/macuser/ignite-3/modules/configuration/target/test-classes:/Users/macuser/ignite-3/modules/configuration/target/classes:/Users/macuser/.m2/repository/org/apache/ignite/ignite-bytecode/3.0.0-SNAPSHOT/ignite-bytecode-3.0.0-SNAPSHOT.jar:/Users/macuser/.m2/repository/org/jetbrains/annotations/20.1.0/annotations-20.1.0.jar:/Users/macuser/.m2/repository/org/ow2/asm/asm/9.0/asm-9.0.jar:/Users/macuser/.m2/repository/org/ow2/asm/asm-tree/9.0/asm-tree-9.0.jar:/Users/macuser/.m2/repository/org/ow2/asm/asm-util/9.0/asm-util-9.0.jar:/Users/macuser/.m2/repository/org/ow2/asm/asm-analysis/9.0/asm-analysis-9.0.jar:/Users/macuser/.m2/repository/org/apache/ignite/ignite-configuration-api/3.0.0-SNAPSHOT/ignite-configuration-api-3.0.0-SNAPSHOT.jar:/Users/macuser/.m2/repository/org/apache/ignite/ignite-core/3.0.0-SNAPSHOT/ignite-core-3.0.0-SNAPSHOT.jar:/Users/macuser/.m2/repository/org/apache/ignite/ignite-api/3.0.0-SNAPSHOT/ignite-api-3.0.0-SNAPSHOT.jar:/Users/macuser/.m2/repository/org/apache/ignite/ignite-rest-api/3.0.0-SNAPSHOT/ignite-rest-api-3.0.0-SNAPSHOT.jar:/Users/macuser/.m2/repository/com/fasterxml/jackson/core/jackson-annotations/2.13.1/jackson-annotations-2.13.1.jar:/Users/macuser/.m2/repository/com/fasterxml/jackson/core/jackson-databind/2.13.1/jackson-databind-2.13.1.jar:/Users/macuser/.m2/repository/com/fasterxml/jackson/core/jackson-core/2.13.1/jackson-core-2.13.1.jar:/Users/macuser/.m2/repository/jakarta/annotation/jakarta.annotation-api/2.0.0/jakarta.annotation-api-2.0.0.jar:/Users/macuser/.m2/repository/jakarta/inject/jakarta.inject-api/2.0.0/jakarta.inject-api-2.0.0.jar:/Users/macuser/.m2/repository/io/swagger/core/v3/swagger-annotations/2.1.12/swagger-annotations-2.1.12.jar:/Users/macuser/.m2/repository/io/micronaut/micronaut-http/3.4.1/micronaut-http-3.4.1.jar:/Users/macuser/.m2/repository/org/slf4j/slf4j-api/1.7.29/slf4j-api-1.7.29.jar:/Users/macuser/.m2/repository/io/micronaut/micronaut-inject/3.4.1/micronaut-inject-3.4.1.jar:/Users/macuser/.m2/repository/javax/annotation/javax.annotation-api/1.3.2/javax.annotation-api-1.3.2.jar:/Users/macuser/.m2/repository/org/yaml/snakeyaml/1.30/snakeyaml-1.30.jar:/Users/macuser/.m2/repository/io/micronaut/micronaut-core-reactive/3.4.1/micronaut-core-reactive-3.4.1.jar:/Users/macuser/.m2/repository/org/reactivestreams/reactive-streams/1.0.3/reactive-streams-1.0.3.jar:/Users/macuser/.m2/repository/io/projectreactor/reactor-core/3.4.14/reactor-core-3.4.14.jar:/Users/macuser/.m2/repository/io/micronaut/micronaut-http-server/3.4.1/micronaut-http-server-3.4.1.jar:/Users/macuser/.m2/repository/io/micronaut/micronaut-websocket/3.4.1/micronaut-websocket-3.4.1.jar:/Users/macuser/.m2/repository/io/micronaut/micronaut-aop/3.4.1/micronaut-aop-3.4.1.jar:/Users/macuser/.m2/repository/io/micronaut/micronaut-runtime/3.4.1/micronaut-runtime-3.4.1.jar:/Users/macuser/.m2/repository/io/micronaut/micronaut-context/3.4.1/micronaut-context-3.4.1.jar:/Users/macuser/.m2/repository/io/micronaut/micronaut-jackson-databind/3.4.1/micronaut-jackson-databind-3.4.1.jar:/Users/macuser/.m2/repository/io/micronaut/micronaut-jackson-core/3.4.1/micronaut-jackson-core-3.4.1.jar:/Users/macuser/.m2/repository/io/micronaut/micronaut-json-core/3.4.1/micronaut-json-core-3.4.1.jar:/Users/macuser/.m2/repository/com/fasterxml/jackson/datatype/jackson-datatype-jdk8/2.13.1/jackson-datatype-jdk8-2.13.1.jar:/Users/macuser/.m2/repository/com/fasterxml/jackson/datatype/jackson-datatype-jsr310/2.13.1/jackson-datatype-jsr310-2.13.1.jar:/Users/macuser/.m2/repository/javax/validation/validation-api/2.0.1.Final/validation-api-2.0.1.Final.jar:/Users/macuser/.m2/repository/io/micronaut/micronaut-router/3.4.1/micronaut-router-3.4.1.jar:/Users/macuser/.m2/repository/com/typesafe/config/1.4.1/config-1.4.1.jar:/Users/macuser/.m2/repository/org/junit/jupiter/junit-jupiter-api/5.8.1/junit-jupiter-api-5.8.1.jar:/Users/macuser/.m2/repository/org/opentest4j/opentest4j/1.2.0/opentest4j-1.2.0.jar:/Users/macuser/.m2/repository/org/junit/platform/junit-platform-commons/1.8.1/junit-platform-commons-1.8.1.jar:/Users/macuser/.m2/repository/org/apiguardian/apiguardian-api/1.1.2/apiguardian-api-1.1.2.jar:/Users/macuser/.m2/repository/org/junit/jupiter/junit-jupiter-params/5.8.1/junit-jupiter-params-5.8.1.jar:/Users/macuser/.m2/repository/org/hamcrest/hamcrest/2.2/hamcrest-2.2.jar:/Users/macuser/.m2/repository/org/mockito/mockito-core/4.3.1/mockito-core-4.3.1.jar:/Users/macuser/.m2/repository/net/bytebuddy/byte-buddy/1.12.8/byte-buddy-1.12.8.jar:/Users/macuser/.m2/repository/net/bytebuddy/byte-buddy-agent/1.12.7/byte-buddy-agent-1.12.7.jar:/Users/macuser/.m2/repository/org/objenesis/objenesis/3.2/objenesis-3.2.jar:/Users/macuser/.m2/repository/org/apache/ignite/ignite-core/3.0.0-SNAPSHOT/ignite-core-3.0.0-SNAPSHOT-tests.jar:/Users/macuser/.m2/repository/it/unimi/dsi/fastutil-core/8.5.6/fastutil-core-8.5.6.jar:/Users/macuser/.m2/repository/io/micronaut/test/micronaut-test-junit5/3.3.0/micronaut-test-junit5-3.3.0.jar:/Users/macuser/.m2/repository/io/micronaut/test/micronaut-test-core/3.3.0/micronaut-test-core-3.3.0.jar:/Users/macuser/.m2/repository/io/micronaut/micronaut-http-client/3.4.1/micronaut-http-client-3.4.1.jar:/Users/macuser/.m2/repository/io/micronaut/micronaut-http-client-core/3.4.1/micronaut-http-client-core-3.4.1.jar:/Users/macuser/.m2/repository/io/micronaut/micronaut-http-netty/3.4.1/micronaut-http-netty-3.4.1.jar:/Users/macuser/.m2/repository/io/micronaut/micronaut-buffer-netty/3.4.1/micronaut-buffer-netty-3.4.1.jar:/Users/macuser/.m2/repository/io/netty/netty-codec-http2/4.1.70.Final/netty-codec-http2-4.1.70.Final.jar:/Users/macuser/.m2/repository/io/netty/netty-handler/4.1.70.Final/netty-handler-4.1.70.Final.jar:/Users/macuser/.m2/repository/io/netty/netty-resolver/4.1.70.Final/netty-resolver-4.1.70.Final.jar:/Users/macuser/.m2/repository/io/netty/netty-handler-proxy/4.1.70.Final/netty-handler-proxy-4.1.70.Final.jar:/Users/macuser/.m2/repository/io/netty/netty-common/4.1.70.Final/netty-common-4.1.70.Final.jar:/Users/macuser/.m2/repository/io/netty/netty-buffer/4.1.70.Final/netty-buffer-4.1.70.Final.jar:/Users/macuser/.m2/repository/io/netty/netty-transport/4.1.70.Final/netty-transport-4.1.70.Final.jar:/Users/macuser/.m2/repository/io/netty/netty-codec/4.1.70.Final/netty-codec-4.1.70.Final.jar:/Users/macuser/.m2/repository/io/netty/netty-codec-socks/4.1.70.Final/netty-codec-socks-4.1.70.Final.jar:/Users/macuser/.m2/repository/io/micronaut/micronaut-http-server-netty/3.4.1/micronaut-http-server-netty-3.4.1.jar:/Users/macuser/.m2/repository/io/micronaut/micronaut-core/3.4.1/micronaut-core-3.4.1.jar:/Users/macuser/.m2/repository/io/netty/netty-codec-http/4.1.70.Final/netty-codec-http-4.1.70.Final.jar:"/>
    <property name="java.vm.vendor" value="Homebrew"/>
    <property name="nondexPrintstack" value="false"/>
    <property name="sun.arch.data.model" value="64"/>
    <property name="nondexRuns" value="20"/>
    <property name="java.vendor.url" value="https://github.com/Homebrew/homebrew-core/issues"/>
    <property name="user.timezone" value=""/>
    <property name="os.name" value="Mac OS X"/>
    <property name="java.vm.specification.version" value="11"/>
    <property name="sun.java.launcher" value="SUN_STANDARD"/>
    <property name="user.country" value="US"/>
    <property name="sun.boot.library.path" value="/opt/homebrew/Cellar/openjdk@11/11.0.26/libexec/openjdk.jdk/Contents/Home/lib"/>
    <property name="nondexLogging" value="CONFIG"/>
    <property name="sun.java.command" value="/Users/macuser/ignite-3/modules/configuration/target/surefire/surefirebooter6236753922184913180.jar /Users/macuser/ignite-3/modules/configuration/target/surefire 2025-04-16T18-39-10_353-jvmRun1 surefire15769834267789586900tmp surefire_110822198327908987961tmp"/>
    <property name="http.nonProxyHosts" value="local|*.local|169.254/16|*.169.254/16"/>
    <property name="jdk.debug" value="release"/>
    <property name="surefire.test.class.path" value="/Users/macuser/ignite-3/modules/configuration/target/test-classes:/Users/macuser/ignite-3/modules/configuration/target/classes:/Users/macuser/.m2/repository/org/apache/ignite/ignite-bytecode/3.0.0-SNAPSHOT/ignite-bytecode-3.0.0-SNAPSHOT.jar:/Users/macuser/.m2/repository/org/jetbrains/annotations/20.1.0/annotations-20.1.0.jar:/Users/macuser/.m2/repository/org/ow2/asm/asm/9.0/asm-9.0.jar:/Users/macuser/.m2/repository/org/ow2/asm/asm-tree/9.0/asm-tree-9.0.jar:/Users/macuser/.m2/repository/org/ow2/asm/asm-util/9.0/asm-util-9.0.jar:/Users/macuser/.m2/repository/org/ow2/asm/asm-analysis/9.0/asm-analysis-9.0.jar:/Users/macuser/.m2/repository/org/apache/ignite/ignite-configuration-api/3.0.0-SNAPSHOT/ignite-configuration-api-3.0.0-SNAPSHOT.jar:/Users/macuser/.m2/repository/org/apache/ignite/ignite-core/3.0.0-SNAPSHOT/ignite-core-3.0.0-SNAPSHOT.jar:/Users/macuser/.m2/repository/org/apache/ignite/ignite-api/3.0.0-SNAPSHOT/ignite-api-3.0.0-SNAPSHOT.jar:/Users/macuser/.m2/repository/org/apache/ignite/ignite-rest-api/3.0.0-SNAPSHOT/ignite-rest-api-3.0.0-SNAPSHOT.jar:/Users/macuser/.m2/repository/com/fasterxml/jackson/core/jackson-annotations/2.13.1/jackson-annotations-2.13.1.jar:/Users/macuser/.m2/repository/com/fasterxml/jackson/core/jackson-databind/2.13.1/jackson-databind-2.13.1.jar:/Users/macuser/.m2/repository/com/fasterxml/jackson/core/jackson-core/2.13.1/jackson-core-2.13.1.jar:/Users/macuser/.m2/repository/jakarta/annotation/jakarta.annotation-api/2.0.0/jakarta.annotation-api-2.0.0.jar:/Users/macuser/.m2/repository/jakarta/inject/jakarta.inject-api/2.0.0/jakarta.inject-api-2.0.0.jar:/Users/macuser/.m2/repository/io/swagger/core/v3/swagger-annotations/2.1.12/swagger-annotations-2.1.12.jar:/Users/macuser/.m2/repository/io/micronaut/micronaut-http/3.4.1/micronaut-http-3.4.1.jar:/Users/macuser/.m2/repository/org/slf4j/slf4j-api/1.7.29/slf4j-api-1.7.29.jar:/Users/macuser/.m2/repository/io/micronaut/micronaut-inject/3.4.1/micronaut-inject-3.4.1.jar:/Users/macuser/.m2/repository/javax/annotation/javax.annotation-api/1.3.2/javax.annotation-api-1.3.2.jar:/Users/macuser/.m2/repository/org/yaml/snakeyaml/1.30/snakeyaml-1.30.jar:/Users/macuser/.m2/repository/io/micronaut/micronaut-core-reactive/3.4.1/micronaut-core-reactive-3.4.1.jar:/Users/macuser/.m2/repository/org/reactivestreams/reactive-streams/1.0.3/reactive-streams-1.0.3.jar:/Users/macuser/.m2/repository/io/projectreactor/reactor-core/3.4.14/reactor-core-3.4.14.jar:/Users/macuser/.m2/repository/io/micronaut/micronaut-http-server/3.4.1/micronaut-http-server-3.4.1.jar:/Users/macuser/.m2/repository/io/micronaut/micronaut-websocket/3.4.1/micronaut-websocket-3.4.1.jar:/Users/macuser/.m2/repository/io/micronaut/micronaut-aop/3.4.1/micronaut-aop-3.4.1.jar:/Users/macuser/.m2/repository/io/micronaut/micronaut-runtime/3.4.1/micronaut-runtime-3.4.1.jar:/Users/macuser/.m2/repository/io/micronaut/micronaut-context/3.4.1/micronaut-context-3.4.1.jar:/Users/macuser/.m2/repository/io/micronaut/micronaut-jackson-databind/3.4.1/micronaut-jackson-databind-3.4.1.jar:/Users/macuser/.m2/repository/io/micronaut/micronaut-jackson-core/3.4.1/micronaut-jackson-core-3.4.1.jar:/Users/macuser/.m2/repository/io/micronaut/micronaut-json-core/3.4.1/micronaut-json-core-3.4.1.jar:/Users/macuser/.m2/repository/com/fasterxml/jackson/datatype/jackson-datatype-jdk8/2.13.1/jackson-datatype-jdk8-2.13.1.jar:/Users/macuser/.m2/repository/com/fasterxml/jackson/datatype/jackson-datatype-jsr310/2.13.1/jackson-datatype-jsr310-2.13.1.jar:/Users/macuser/.m2/repository/javax/validation/validation-api/2.0.1.Final/validation-api-2.0.1.Final.jar:/Users/macuser/.m2/repository/io/micronaut/micronaut-router/3.4.1/micronaut-router-3.4.1.jar:/Users/macuser/.m2/repository/com/typesafe/config/1.4.1/config-1.4.1.jar:/Users/macuser/.m2/repository/org/junit/jupiter/junit-jupiter-api/5.8.1/junit-jupiter-api-5.8.1.jar:/Users/macuser/.m2/repository/org/opentest4j/opentest4j/1.2.0/opentest4j-1.2.0.jar:/Users/macuser/.m2/repository/org/junit/platform/junit-platform-commons/1.8.1/junit-platform-commons-1.8.1.jar:/Users/macuser/.m2/repository/org/apiguardian/apiguardian-api/1.1.2/apiguardian-api-1.1.2.jar:/Users/macuser/.m2/repository/org/junit/jupiter/junit-jupiter-params/5.8.1/junit-jupiter-params-5.8.1.jar:/Users/macuser/.m2/repository/org/hamcrest/hamcrest/2.2/hamcrest-2.2.jar:/Users/macuser/.m2/repository/org/mockito/mockito-core/4.3.1/mockito-core-4.3.1.jar:/Users/macuser/.m2/repository/net/bytebuddy/byte-buddy/1.12.8/byte-buddy-1.12.8.jar:/Users/macuser/.m2/repository/net/bytebuddy/byte-buddy-agent/1.12.7/byte-buddy-agent-1.12.7.jar:/Users/macuser/.m2/repository/org/objenesis/objenesis/3.2/objenesis-3.2.jar:/Users/macuser/.m2/repository/org/apache/ignite/ignite-core/3.0.0-SNAPSHOT/ignite-core-3.0.0-SNAPSHOT-tests.jar:/Users/macuser/.m2/repository/it/unimi/dsi/fastutil-core/8.5.6/fastutil-core-8.5.6.jar:/Users/macuser/.m2/repository/io/micronaut/test/micronaut-test-junit5/3.3.0/micronaut-test-junit5-3.3.0.jar:/Users/macuser/.m2/repository/io/micronaut/test/micronaut-test-core/3.3.0/micronaut-test-core-3.3.0.jar:/Users/macuser/.m2/repository/io/micronaut/micronaut-http-client/3.4.1/micronaut-http-client-3.4.1.jar:/Users/macuser/.m2/repository/io/micronaut/micronaut-http-client-core/3.4.1/micronaut-http-client-core-3.4.1.jar:/Users/macuser/.m2/repository/io/micronaut/micronaut-http-netty/3.4.1/micronaut-http-netty-3.4.1.jar:/Users/macuser/.m2/repository/io/micronaut/micronaut-buffer-netty/3.4.1/micronaut-buffer-netty-3.4.1.jar:/Users/macuser/.m2/repository/io/netty/netty-codec-http2/4.1.70.Final/netty-codec-http2-4.1.70.Final.jar:/Users/macuser/.m2/repository/io/netty/netty-handler/4.1.70.Final/netty-handler-4.1.70.Final.jar:/Users/macuser/.m2/repository/io/netty/netty-resolver/4.1.70.Final/netty-resolver-4.1.70.Final.jar:/Users/macuser/.m2/repository/io/netty/netty-handler-proxy/4.1.70.Final/netty-handler-proxy-4.1.70.Final.jar:/Users/macuser/.m2/repository/io/netty/netty-common/4.1.70.Final/netty-common-4.1.70.Final.jar:/Users/macuser/.m2/repository/io/netty/netty-buffer/4.1.70.Final/netty-buffer-4.1.70.Final.jar:/Users/macuser/.m2/repository/io/netty/netty-transport/4.1.70.Final/netty-transport-4.1.70.Final.jar:/Users/macuser/.m2/repository/io/netty/netty-codec/4.1.70.Final/netty-codec-4.1.70.Final.jar:/Users/macuser/.m2/repository/io/netty/netty-codec-socks/4.1.70.Final/netty-codec-socks-4.1.70.Final.jar:/Users/macuser/.m2/repository/io/micronaut/micronaut-http-server-netty/3.4.1/micronaut-http-server-netty-3.4.1.jar:/Users/macuser/.m2/repository/io/micronaut/micronaut-core/3.4.1/micronaut-core-3.4.1.jar:/Users/macuser/.m2/repository/io/netty/netty-codec-http/4.1.70.Final/netty-codec-http-4.1.70.Final.jar:"/>
    <property name="test" value="org.apache.ignite.internal.configuration.asm.ConfigurationAsmGeneratorTest#testNestedConfigurationWithInjectedNameField"/>
    <property name="sun.cpu.endian" value="little"/>
    <property name="nondexExecid" value="7soUVYoFdwMR5YpHiTKDLhJsXxg6Gez0vope6Vl7enA="/>
    <property name="io.netty.tryReflectionSetAccessible" value="true"/>
    <property name="user.home" value="/Users/macuser"/>
    <property name="user.language" value="en"/>
    <property name="java.specification.vendor" value="Oracle Corporation"/>
    <property name="java.version.date" value="2025-01-21"/>
    <property name="java.home" value="/opt/homebrew/Cellar/openjdk@11/11.0.26/libexec/openjdk.jdk/Contents/Home"/>
    <property name="basedir" value="/Users/macuser/ignite-3/modules/configuration"/>
    <property name="file.separator" value="/"/>
    <property name="java.vm.compressedOopsMode" value="Zero based"/>
    <property name="line.separator" value="&#10;"/>
    <property name="nondexEnd" value="9223372036854775807"/>
    <property name="java.vm.specification.vendor" value="Oracle Corporation"/>
    <property name="java.specification.name" value="Java Platform API Specification"/>
    <property name="java.awt.graphicsenv" value="sun.awt.CGraphicsEnvironment"/>
    <property name="nondexFilter" value=".*"/>
    <property name="nondexSeed" value="933178"/>
    <property name="surefire.real.class.path" value="/Users/macuser/ignite-3/modules/configuration/target/surefire/surefirebooter6236753922184913180.jar"/>
    <property name="java.util.logging.config.file" value="../../config/java.util.logging.properties"/>
    <property name="sun.management.compiler" value="HotSpot 64-Bit Tiered Compilers"/>
    <property name="ftp.nonProxyHosts" value="local|*.local|169.254/16|*.169.254/16"/>
    <property name="java.runtime.version" value="11.0.26+0"/>
    <property name="user.name" value="macuser"/>
    <property name="path.separator" value=":"/>
    <property name="os.version" value="15.3.2"/>
    <property name="java.runtime.name" value="OpenJDK Runtime Environment"/>
    <property name="file.encoding" value="UTF-8"/>
    <property name="java.vm.name" value="OpenJDK 64-Bit Server VM"/>
    <property name="java.vendor.version" value="Homebrew"/>
    <property name="localRepository" value="/Users/macuser/.m2/repository"/>
    <property name="nondexDir" value="/Users/macuser/ignite-3/modules/configuration/.nondex"/>
    <property name="nondexJarDir" value="/Users/macuser/ignite-3/modules/configuration/.nondex"/>
    <property name="java.vendor.url.bug" value="https://github.com/Homebrew/homebrew-core/issues"/>
    <property name="java.io.tmpdir" value="/var/folders/q_/68p_97z95_d3qp9fzk2hd1_h0000gn/T/"/>
    <property name="java.version" value="11.0.26"/>
    <property name="user.dir" value="/Users/macuser/ignite-3/modules/configuration"/>
    <property name="os.arch" value="aarch64"/>
    <property name="nondexMode" value="FULL"/>
    <property name="java.vm.specification.name" value="Java Virtual Machine Specification"/>
    <property name="java.awt.printerjob" value="sun.lwawt.macosx.CPrinterJob"/>
    <property name="sun.os.patch.level" value="unknown"/>
    <property name="java.library.path" value="/Users/macuser/Library/Java/Extensions:/Library/Java/Extensions:/Network/Library/Java/Extensions:/System/Library/Java/Extensions:/usr/lib/java:."/>
    <property name="java.vendor" value="Homebrew"/>
    <property name="java.vm.info" value="mixed mode"/>
    <property name="java.vm.version" value="11.0.26+0"/>
    <property name="java.specification.maintenance.version" value="3"/>
    <property name="sun.io.unicode.encoding" value="UnicodeBig"/>
    <property name="socksNonProxyHosts" value="local|*.local|169.254/16|*.169.254/16"/>
    <property name="java.class.version" value="55.0"/>
  </properties>
  <testcase name="testNestedConfigurationWithInjectedNameField" classname="org.apache.ignite.internal.configuration.asm.ConfigurationAsmGeneratorTest" time="0.065">
    <failure type="java.lang.AssertionError"><![CDATA[java.lang.AssertionError: org.apache.ignite.internal.configuration.asm.ConfigurationAsmGeneratorTest$PolymorphicTestConfigurationSchema
	at org.apache.ignite.internal.configuration.asm.ConfigurationAsmGeneratorTest.beforeEach(ConfigurationAsmGeneratorTest.java:97)
]]></failure>
  </testcase>
</testsuite>